{"/home/nck13/Documents/dev/github/tenisu-app/src/components/search-bar.tsx": {"path":"/home/nck13/Documents/dev/github/tenisu-app/src/components/search-bar.tsx","statementMap":{"0":{"start":{"line":6,"column":25},"end":{"line":48,"column":null}},"1":{"start":{"line":7,"column":42},"end":{"line":7,"column":null}},"2":{"start":{"line":8,"column":23},"end":{"line":17,"column":null}},"3":{"start":{"line":9,"column":4},"end":{"line":16,"column":null}},"4":{"start":{"line":10,"column":6},"end":{"line":10,"column":null}},"5":{"start":{"line":12,"column":6},"end":{"line":15,"column":null}},"6":{"start":{"line":13,"column":25},"end":{"line":13,"column":null}},"7":{"start":{"line":14,"column":8},"end":{"line":14,"column":null}},"8":{"start":{"line":19,"column":23},"end":{"line":25,"column":null}},"9":{"start":{"line":20,"column":26},"end":{"line":23,"column":null}},"10":{"start":{"line":24,"column":4},"end":{"line":24,"column":null}},"11":{"start":{"line":34,"column":2},"end":{"line":46,"column":null}}},"fnMap":{"0":{"name":"(anonymous_0)","decl":{"start":{"line":6,"column":25},"end":{"line":6,"column":31}},"loc":{"start":{"line":6,"column":31},"end":{"line":48,"column":null}}},"1":{"name":"(anonymous_1)","decl":{"start":{"line":8,"column":23},"end":{"line":8,"column":24}},"loc":{"start":{"line":8,"column":62},"end":{"line":17,"column":null}}},"2":{"name":"(anonymous_2)","decl":{"start":{"line":12,"column":28},"end":{"line":12,"column":29}},"loc":{"start":{"line":12,"column":48},"end":{"line":15,"column":7}}},"3":{"name":"(anonymous_3)","decl":{"start":{"line":19,"column":23},"end":{"line":19,"column":24}},"loc":{"start":{"line":19,"column":39},"end":{"line":25,"column":null}}}},"branchMap":{"0":{"loc":{"start":{"line":9,"column":4},"end":{"line":16,"column":null}},"type":"if","locations":[{"start":{"line":9,"column":4},"end":{"line":16,"column":null}},{"start":{"line":11,"column":11},"end":{"line":16,"column":null}}]}},"s":{"0":0,"1":0,"2":0,"3":0,"4":0,"5":0,"6":0,"7":0,"8":0,"9":0,"10":0,"11":0},"f":{"0":0,"1":0,"2":0,"3":0},"b":{"0":[0,0]}}
}
